<?xml version="1.0" encoding="UTF-8"?>
<testng-results ignored="0" total="4" passed="4" failed="0" skipped="0">
  <reporter-output>
  </reporter-output>
  <suite started-at="2022-12-09T14:40:31 IST" name="Default suite" finished-at="2022-12-09T14:41:01 IST" duration-ms="30180">
    <groups>
    </groups>
    <test started-at="2022-12-09T14:40:31 IST" name="Default test" finished-at="2022-12-09T14:41:01 IST" duration-ms="30180">
      <class name="LoginTestCase.Login">
        <test-method is-config="true" signature="beforetest()[pri:0, instance:LoginTestCase.Login@942a29c]" started-at="2022-12-09T14:40:31 IST" name="beforetest" finished-at="2022-12-09T14:40:36 IST" duration-ms="5187" status="PASS">
          <reporter-output>
          </reporter-output>
        </test-method> <!-- beforetest -->
        <test-method signature="login(java.lang.String,java.lang.String)[pri:0, instance:LoginTestCase.Login@942a29c]" started-at="2022-12-09T14:40:36 IST" name="login" data-provider="loginData" finished-at="2022-12-09T14:40:45 IST" duration-ms="8924" status="PASS">
          <params>
            <param index="0">
              <value>
                <![CDATA[admin]]>
              </value>
            </param>
            <param index="1">
              <value>
                <![CDATA[admin]]>
              </value>
            </param>
          </params>
          <reporter-output>
          </reporter-output>
        </test-method> <!-- login -->
        <test-method signature="login(java.lang.String,java.lang.String)[pri:0, instance:LoginTestCase.Login@942a29c]" started-at="2022-12-09T14:40:45 IST" name="login" data-provider="loginData" finished-at="2022-12-09T14:40:50 IST" duration-ms="4993" status="PASS">
          <params>
            <param index="0">
              <value>
                <![CDATA[admin2]]>
              </value>
            </param>
            <param index="1">
              <value>
                <![CDATA[admin2]]>
              </value>
            </param>
          </params>
          <reporter-output>
          </reporter-output>
        </test-method> <!-- login -->
        <test-method signature="login(java.lang.String,java.lang.String)[pri:0, instance:LoginTestCase.Login@942a29c]" started-at="2022-12-09T14:40:50 IST" name="login" data-provider="loginData" finished-at="2022-12-09T14:40:55 IST" duration-ms="4563" status="PASS">
          <params>
            <param index="0">
              <value>
                <![CDATA[Admin]]>
              </value>
            </param>
            <param index="1">
              <value>
                <![CDATA[admin]]>
              </value>
            </param>
          </params>
          <reporter-output>
          </reporter-output>
        </test-method> <!-- login -->
        <test-method signature="login(java.lang.String,java.lang.String)[pri:0, instance:LoginTestCase.Login@942a29c]" started-at="2022-12-09T14:40:55 IST" name="login" data-provider="loginData" finished-at="2022-12-09T14:41:00 IST" duration-ms="4794" status="PASS">
          <params>
            <param index="0">
              <value>
                <![CDATA[Admin1]]>
              </value>
            </param>
            <param index="1">
              <value>
                <![CDATA[admin]]>
              </value>
            </param>
          </params>
          <reporter-output>
          </reporter-output>
        </test-method> <!-- login -->
        <test-method is-config="true" signature="aftertest()[pri:0, instance:LoginTestCase.Login@942a29c]" started-at="2022-12-09T14:41:00 IST" name="aftertest" finished-at="2022-12-09T14:41:01 IST" duration-ms="1611" status="PASS">
          <reporter-output>
          </reporter-output>
        </test-method> <!-- aftertest -->
      </class> <!-- LoginTestCase.Login -->
    </test> <!-- Default test -->
  </suite> <!-- Default suite -->
</testng-results>
