<?xml version="1.0" encoding="UTF-8"?>
<!-- Generated by org.testng.reporters.JUnitXMLReporter -->
<testsuite ignored="0" hostname="LTIN407337" failures="0" tests="4" name="Default test" time="30.18" errors="0" timestamp="2022-12-09T14:41:01 IST">
  <testcase classname="LoginTestCase.Login" name="login" time="8.924"/>
  <testcase classname="LoginTestCase.Login" name="login" time="4.993"/>
  <testcase classname="LoginTestCase.Login" name="login" time="4.563"/>
  <testcase classname="LoginTestCase.Login" name="login" time="4.794"/>
</testsuite> <!-- Default test -->
